03-19-2018 @ 18:55:58 - > > (506) Term Мужское (product_cat) exists? -
03-19-2018 @ 18:55:58 - > > (506) Term Футболки (product_cat) exists? -
03-19-2018 @ 18:55:59 - > > (506) Term Женское (product_cat) exists? -
03-19-2018 @ 18:55:59 - > > (506) Term Кофты (product_cat) exists? -
03-19-2018 @ 18:55:59 - > > (506) Term Платья (product_cat) exists? -
03-19-2018 @ 18:55:59 - > > (506) Term Костюмы (product_cat) exists? -
03-19-2018 @ 18:55:59 - > > (506) Term Блузы (product_cat) exists? -
03-19-2018 @ 18:55:59 - > > (506) Term Брюки (product_cat) exists? -
03-19-2018 @ 18:55:59 - > > (506) Term Пальто (product_cat) exists? -
03-19-2018 @ 20:55:14 - > > (506) Term Мужское (product_cat) exists? -
03-19-2018 @ 20:55:14 - > > (506) Term Футболки (product_cat) exists? -
03-19-2018 @ 20:55:14 - > > (506) Term Женское (product_cat) exists? -
03-19-2018 @ 20:55:14 - > > (506) Term Кофты (product_cat) exists? -
03-19-2018 @ 20:55:14 - > > (506) Term Платья (product_cat) exists? -
03-19-2018 @ 20:55:14 - > > (506) Term Костюмы (product_cat) exists? -
03-19-2018 @ 20:55:14 - > > (506) Term Блузы (product_cat) exists? -
03-19-2018 @ 20:55:14 - > > (506) Term Брюки (product_cat) exists? -
03-19-2018 @ 20:55:14 - > > (506) Term Пальто (product_cat) exists? -
03-20-2018 @ 09:15:06 - > > (506) Term Женское (product_cat) exists? -
03-20-2018 @ 09:15:06 - > > (506) Term Шорты (product_cat) exists? -
